::1 - - [08/Jan/2025:17:23:33 +0000] "POST /register HTTP/1.1" 401 32 "-" "PostmanRuntime/7.43.0"
::1 - - [08/Jan/2025:17:24:36 +0000] "POST /register HTTP/1.1" 401 32 "-" "PostmanRuntime/7.43.0"
::1 - - [08/Jan/2025:17:27:04 +0000] "POST /register HTTP/1.1" 401 32 "-" "PostmanRuntime/7.43.0"
::1 - - [08/Jan/2025:17:32:53 +0000] "POST /register HTTP/1.1" 401 32 "-" "PostmanRuntime/7.43.0"
::1 - - [08/Jan/2025:17:34:55 +0000] "POST /register HTTP/1.1" 404 23 "-" "PostmanRuntime/7.43.0"
::1 - - [08/Jan/2025:17:35:03 +0000] "POST /public/register HTTP/1.1" 404 23 "-" "PostmanRuntime/7.43.0"
::1 - - [08/Jan/2025:17:35:07 +0000] "POST /public/register HTTP/1.1" 404 23 "-" "PostmanRuntime/7.43.0"
::1 - - [08/Jan/2025:17:35:29 +0000] "POST /public/register HTTP/1.1" 404 23 "-" "PostmanRuntime/7.43.0"
::1 - - [08/Jan/2025:17:35:40 +0000] "POST /register HTTP/1.1" 404 23 "-" "PostmanRuntime/7.43.0"
::1 - - [08/Jan/2025:17:37:09 +0000] "POST /register HTTP/1.1" 404 23 "-" "PostmanRuntime/7.43.0"
::1 - - [08/Jan/2025:17:37:44 +0000] "POST /register HTTP/1.1" 401 32 "-" "PostmanRuntime/7.43.0"
::1 - - [08/Jan/2025:17:37:53 +0000] "POST /register HTTP/1.1" 404 23 "-" "PostmanRuntime/7.43.0"
::1 - - [08/Jan/2025:17:40:01 +0000] "POST /api/register HTTP/1.1" 404 23 "-" "PostmanRuntime/7.43.0"
::1 - - [08/Jan/2025:17:41:53 +0000] "POST /api/register HTTP/1.1" 404 23 "-" "PostmanRuntime/7.43.0"
::1 - - [08/Jan/2025:17:52:05 +0000] "POST /api/register HTTP/1.1" 401 32 "-" "PostmanRuntime/7.43.0"
::1 - - [08/Jan/2025:17:52:20 +0000] "POST /api/register HTTP/1.1" 404 23 "-" "PostmanRuntime/7.43.0"
::1 - - [08/Jan/2025:17:54:11 +0000] "POST /api/register HTTP/1.1" 404 23 "-" "PostmanRuntime/7.43.0"
::1 - - [08/Jan/2025:17:59:13 +0000] "POST /register HTTP/1.1" 200 169 "-" "PostmanRuntime/7.43.0"
::1 - - [09/Jan/2025:13:21:27 +0000] "POST /register HTTP/1.1" 200 162 "-" "PostmanRuntime/7.43.0"
::1 - - [09/Jan/2025:13:35:28 +0000] "POST /register HTTP/1.1" 200 162 "-" "PostmanRuntime/7.43.0"
::1 - - [09/Jan/2025:13:36:01 +0000] "POST /register HTTP/1.1" 200 169 "-" "PostmanRuntime/7.43.0"
::1 - - [09/Jan/2025:13:39:01 +0000] "POST /register HTTP/1.1" 400 31 "-" "PostmanRuntime/7.43.0"
::1 - - [09/Jan/2025:14:09:29 +0000] "POST /login HTTP/1.1" 200 239 "-" "PostmanRuntime/7.43.0"
::1 - - [09/Jan/2025:14:10:22 +0000] "POST /login HTTP/1.1" 200 239 "-" "PostmanRuntime/7.43.0"
::1 - - [13/Jan/2025:03:09:06 +0000] "OPTIONS /auth/register HTTP/1.1" 401 32 "http://localhost:5173/" "Mozilla/5.0 (Windows NT 10.0; Win64; x64) AppleWebKit/537.36 (KHTML, like Gecko) Chrome/131.0.0.0 Safari/537.36"
::1 - - [13/Jan/2025:03:11:01 +0000] "OPTIONS /register HTTP/1.1" 200 4 "http://localhost:5173/" "Mozilla/5.0 (Windows NT 10.0; Win64; x64) AppleWebKit/537.36 (KHTML, like Gecko) Chrome/131.0.0.0 Safari/537.36"
::1 - - [13/Jan/2025:03:14:37 +0000] "OPTIONS /register HTTP/1.1" 200 4 "http://localhost:5173/" "Mozilla/5.0 (Windows NT 10.0; Win64; x64) AppleWebKit/537.36 (KHTML, like Gecko) Chrome/131.0.0.0 Safari/537.36"
::1 - - [13/Jan/2025:03:17:14 +0000] "POST /register HTTP/1.1" 200 168 "http://localhost:5173/" "Mozilla/5.0 (Windows NT 10.0; Win64; x64) AppleWebKit/537.36 (KHTML, like Gecko) Chrome/131.0.0.0 Safari/537.36"
::1 - - [13/Jan/2025:03:21:15 +0000] "POST /register HTTP/1.1" 400 31 "http://localhost:5173/" "Mozilla/5.0 (Windows NT 10.0; Win64; x64) AppleWebKit/537.36 (KHTML, like Gecko) Chrome/131.0.0.0 Safari/537.36"
::1 - - [13/Jan/2025:03:22:04 +0000] "POST /register HTTP/1.1" 200 164 "http://localhost:5173/" "Mozilla/5.0 (Windows NT 10.0; Win64; x64) AppleWebKit/537.36 (KHTML, like Gecko) Chrome/131.0.0.0 Safari/537.36"
::1 - - [13/Jan/2025:03:30:04 +0000] "POST /login HTTP/1.1" 200 237 "http://localhost:5173/" "Mozilla/5.0 (Windows NT 10.0; Win64; x64) AppleWebKit/537.36 (KHTML, like Gecko) Chrome/131.0.0.0 Safari/537.36"
::1 - - [13/Jan/2025:03:34:15 +0000] "POST /register HTTP/1.1" 200 166 "http://localhost:5173/" "Mozilla/5.0 (Windows NT 10.0; Win64; x64) AppleWebKit/537.36 (KHTML, like Gecko) Chrome/131.0.0.0 Safari/537.36"
::1 - - [13/Jan/2025:03:34:36 +0000] "POST /login HTTP/1.1" 200 235 "http://localhost:5173/" "Mozilla/5.0 (Windows NT 10.0; Win64; x64) AppleWebKit/537.36 (KHTML, like Gecko) Chrome/131.0.0.0 Safari/537.36"
::1 - - [13/Jan/2025:13:49:10 +0000] "POST /posts HTTP/1.1" 401 32 "-" "PostmanRuntime/7.43.0"
::1 - - [13/Jan/2025:13:50:33 +0000] "POST /posts HTTP/1.1" 500 33 "-" "PostmanRuntime/7.43.0"
::1 - - [13/Jan/2025:13:52:27 +0000] "POST /posts HTTP/1.1" 500 33 "-" "PostmanRuntime/7.43.0"
::1 - - [13/Jan/2025:13:54:50 +0000] "POST /posts HTTP/1.1" 201 139 "-" "PostmanRuntime/7.43.0"
::1 - - [13/Jan/2025:13:56:06 +0000] "POST /posts HTTP/1.1" 500 33 "-" "PostmanRuntime/7.43.0"
::1 - - [13/Jan/2025:13:56:33 +0000] "POST /posts HTTP/1.1" 500 33 "-" "PostmanRuntime/7.43.0"
::1 - - [13/Jan/2025:13:57:32 +0000] "POST /posts HTTP/1.1" 201 173 "-" "PostmanRuntime/7.43.0"
::1 - - [13/Jan/2025:14:05:03 +0000] "POST /register HTTP/1.1" 400 31 "-" "PostmanRuntime/7.43.0"
::1 - - [13/Jan/2025:14:05:08 +0000] "POST /register HTTP/1.1" 200 170 "-" "PostmanRuntime/7.43.0"
::1 - - [13/Jan/2025:14:05:47 +0000] "POST /login HTTP/1.1" 200 240 "-" "PostmanRuntime/7.43.0"
::1 - - [13/Jan/2025:14:06:24 +0000] "POST /posts HTTP/1.1" 201 175 "-" "PostmanRuntime/7.43.0"
::1 - - [13/Jan/2025:14:07:42 +0000] "PUT /posts?id=b64250c3-8d1b-4ac0-b453-a21e2d05a5bd HTTP/1.1" 404 23 "-" "PostmanRuntime/7.43.0"
::1 - - [13/Jan/2025:14:08:18 +0000] "PUT /posts/?id=b64250c3-8d1b-4ac0-b453-a21e2d05a5bd HTTP/1.1" 404 23 "-" "PostmanRuntime/7.43.0"
::1 - - [13/Jan/2025:14:08:58 +0000] "PUT /posts/?id=%22b64250c3-8d1b-4ac0-b453-a21e2d05a5bd%22 HTTP/1.1" 404 23 "-" "PostmanRuntime/7.43.0"
::1 - - [13/Jan/2025:14:13:11 +0000] "PUT /posts/b64250c3-8d1b-4ac0-b453-a21e2d05a5bd HTTP/1.1" 500 33 "-" "PostmanRuntime/7.43.0"
::1 - - [13/Jan/2025:14:13:43 +0000] "PUT /posts/b64250c3-8d1b-4ac0-b453-a21e2d05a5bd HTTP/1.1" 404 26 "-" "PostmanRuntime/7.43.0"
::1 - - [13/Jan/2025:14:14:04 +0000] "PUT /posts/65f33311-ac63-4a5d-8ed2-cbc3e377e4b1 HTTP/1.1" 404 26 "-" "PostmanRuntime/7.43.0"
::1 - - [13/Jan/2025:14:14:49 +0000] "PUT /posts/65f33311-ac63-4a5d-8ed2-cbc3e377e4b1 HTTP/1.1" 404 26 "-" "PostmanRuntime/7.43.0"
::1 - - [13/Jan/2025:14:15:35 +0000] "PUT /posts/65f33311-ac63-4a5d-8ed2-cbc3e377e4b1 HTTP/1.1" 404 26 "-" "PostmanRuntime/7.43.0"
::1 - - [13/Jan/2025:14:16:49 +0000] "PUT /posts/65f33311-ac63-4a5d-8ed2-cbc3e377e4b1 HTTP/1.1" 200 145 "-" "PostmanRuntime/7.43.0"
::1 - - [13/Jan/2025:14:24:17 +0000] "DELETE /posts/65f33311-ac63-4a5d-8ed2-cbc3e377e4b1 HTTP/1.1" 204 - "-" "PostmanRuntime/7.43.0"
::1 - - [13/Jan/2025:14:48:36 +0000] "GET /posts?page=1&perPage=2 HTTP/1.1" 500 31 "-" "PostmanRuntime/7.43.0"
::1 - - [13/Jan/2025:14:49:30 +0000] "GET /posts?page=1&perPage=2 HTTP/1.1" 200 342 "-" "PostmanRuntime/7.43.0"
::1 - - [13/Jan/2025:14:49:41 +0000] "GET /posts?page=2&perPage=2 HTTP/1.1" 200 342 "-" "PostmanRuntime/7.43.0"
